===========12:44:27===========
===========MD-files/===========
===========isGit1===========
-没有更改 /D/GitWorkSpace-Sync/MD-files/

===========12:45:33===========
===========MD-files/===========
===========isGit1===========
-没有更改 /D/GitWorkSpace-Sync/MD-files/

===========12:46:34===========
===========MD-files/===========
===========isGit1===========
+提交完成 /D/GitWorkSpace-Sync/MD-files/

===========12:47:34===========
===========MD-files/===========
===========isGit1===========
-没有更改 /D/GitWorkSpace-Sync/MD-files/

===========12:50:33===========
===========MD-files/===========
===========isGit1===========
+提交完成 /D/GitWorkSpace-Sync/MD-files/

===========12:51:54===========
===========MD-files/===========
===========isGit1===========
+提交完成 /D/GitWorkSpace-Sync/MD-files/

