===========12:42:16===========
+提交完成 /D/GitWorkSpace-Sync/MD-files/
-没有更改 /D/GitWorkSpace-Sync/MD-Homepage/
-没有更改 /D/GitWorkSpace-Sync/MD-ZhygFiles/

===========12:50:29===========
+提交完成 /D/GitWorkSpace-Sync/MD-files/
-没有更改 /D/GitWorkSpace-Sync/MD-Homepage/
-没有更改 /D/GitWorkSpace-Sync/MD-ZhygFiles/

===========12:55:51===========
+提交完成 /D/GitWorkSpace-Sync/MD-files/
-没有更改 /D/GitWorkSpace-Sync/MD-Homepage/
-没有更改 /D/GitWorkSpace-Sync/MD-ZhygFiles/

===========13:00:04===========
-没有更改 /D/GitWorkSpace-Sync/MD-files/
-没有更改 /D/GitWorkSpace-Sync/MD-Homepage/
-没有更改 /D/GitWorkSpace-Sync/MD-ZhygFiles/

===========15:27:43===========
+提交完成 /D/GitWorkSpace-Sync/MD-files/
-没有更改 /D/GitWorkSpace-Sync/MD-Homepage/
-没有更改 /D/GitWorkSpace-Sync/MD-ZhygFiles/

===========16:09:33===========
+提交完成 /D/GitWorkSpace-Sync/MD-files/
-没有更改 /D/GitWorkSpace-Sync/MD-Homepage/
-没有更改 /D/GitWorkSpace-Sync/MD-ZhygFiles/

