===========13:00:04===========
+提交完成 /D/GitWorkSpace-Sync/MD-files/
-没有更改 /D/GitWorkSpace-Sync/MD-Homepage/
+提交完成 /D/GitWorkSpace-Sync/MD-ZhygFiles/

===========13:45:52===========
-没有更改 /D/GitWorkSpace-Sync/MD-files/
-没有更改 /D/GitWorkSpace-Sync/MD-Homepage/
-没有更改 /D/GitWorkSpace-Sync/MD-ZhygFiles/

===========13:46:18===========
+提交完成 /D/GitWorkSpace-Sync/MD-files/
-没有更改 /D/GitWorkSpace-Sync/MD-Homepage/
-没有更改 /D/GitWorkSpace-Sync/MD-ZhygFiles/

===========14:30:59===========
-没有更改 /D/GitWorkSpace-Sync/MD-files/
-没有更改 /D/GitWorkSpace-Sync/MD-Homepage/
-没有更改 /D/GitWorkSpace-Sync/MD-ZhygFiles/

===========14:42:39===========
-没有更改 /D/GitWorkSpace-Sync/MD-files/
-没有更改 /D/GitWorkSpace-Sync/MD-Homepage/
-没有更改 /D/GitWorkSpace-Sync/MD-ZhygFiles/

===========14:45:18===========
===========14:47:30===========
+提交完成 /D/GitWorkSpace-Sync/MD-files/
-没有更改 /D/GitWorkSpace-Sync/MD-Homepage/
-没有更改 /D/GitWorkSpace-Sync/MD-ZhygFiles/

