===========18:54:38===========
+提交完成 /D/GitWorkSpace-Sync/MD-files/
-没有更改 /D/GitWorkSpace-Sync/MD-Homepage/
-没有更改 /D/GitWorkSpace-Sync/MD-ZhygFiles/

===========18:54:48===========
-没有更改 /D/GitWorkSpace-Sync/MD-files/
-没有更改 /D/GitWorkSpace-Sync/MD-Homepage/
-没有更改 /D/GitWorkSpace-Sync/MD-ZhygFiles/

===========22:18:54===========
-没有更改 /D/GitWorkSpace-Sync/MD-files/
-没有更改 /D/GitWorkSpace-Sync/MD-Homepage/
-没有更改 /D/GitWorkSpace-Sync/MD-ZhygFiles/

===========22:38:17===========
-没有更改 /D/GitWorkSpace-Sync/MD-files/
-没有更改 /D/GitWorkSpace-Sync/MD-Homepage/
-没有更改 /D/GitWorkSpace-Sync/MD-ZhygFiles/

===========22:38:28===========
+提交完成 /D/GitWorkSpace-Sync/MD-files/
+提交完成 /D/GitWorkSpace-Sync/MD-Homepage/
+提交完成 /D/GitWorkSpace-Sync/MD-ZhygFiles/

===========22:39:28===========
+提交完成 /D/GitWorkSpace-Sync/MD-files/
+提交完成 /D/GitWorkSpace-Sync/MD-Homepage/
+提交完成 /D/GitWorkSpace-Sync/MD-ZhygFiles/

===========22:40:46===========
-没有更改 /D/GitWorkSpace-Sync/MD-files/
-没有更改 /D/GitWorkSpace-Sync/MD-Homepage/
-没有更改 /D/GitWorkSpace-Sync/MD-ZhygFiles/

===========22:41:01===========
+提交完成 /D/GitWorkSpace-Sync/MD-files/
-没有更改 /D/GitWorkSpace-Sync/MD-Homepage/
-没有更改 /D/GitWorkSpace-Sync/MD-ZhygFiles/

===========22:41:35===========
-没有更改 /D/GitWorkSpace-Sync/MD-files/
-没有更改 /D/GitWorkSpace-Sync/MD-Homepage/
-没有更改 /D/GitWorkSpace-Sync/MD-ZhygFiles/

===========22:41:53===========
+提交完成 /D/GitWorkSpace-Sync/MD-files/
-没有更改 /D/GitWorkSpace-Sync/MD-Homepage/
-没有更改 /D/GitWorkSpace-Sync/MD-ZhygFiles/

===========22:48:31===========
-没有更改 /D/GitWorkSpace-Sync/MD-files/
-没有更改 /D/GitWorkSpace-Sync/MD-Homepage/
-没有更改 /D/GitWorkSpace-Sync/MD-ZhygFiles/

===========22:49:09===========
-没有更改 /D/GitWorkSpace-Sync/MD-files/
-没有更改 /D/GitWorkSpace-Sync/MD-Homepage/
-没有更改 /D/GitWorkSpace-Sync/MD-ZhygFiles/

===========22:50:03===========
+提交完成 /D/GitWorkSpace-Sync/MD-files/
-没有更改 /D/GitWorkSpace-Sync/MD-Homepage/
-没有更改 /D/GitWorkSpace-Sync/MD-ZhygFiles/

===========22:51:36===========
+提交完成 /D/GitWorkSpace-Sync/MD-files/
-没有更改 /D/GitWorkSpace-Sync/MD-files/
+提交完成 /D/GitWorkSpace-Sync/MD-Homepage/
-没有更改 /D/GitWorkSpace-Sync/MD-Homepage/
+提交完成 /D/GitWorkSpace-Sync/MD-ZhygFiles/
-没有更改 /D/GitWorkSpace-Sync/MD-ZhygFiles/

===========23:00:28===========
+提交完成 /D/GitWorkSpace-Sync/MD-files/
-没有更改 /D/GitWorkSpace-Sync/MD-files/
+提交完成 /D/GitWorkSpace-Sync/MD-Homepage/
-没有更改 /D/GitWorkSpace-Sync/MD-Homepage/
+提交完成 /D/GitWorkSpace-Sync/MD-ZhygFiles/
-没有更改 /D/GitWorkSpace-Sync/MD-ZhygFiles/

===========23:01:51===========
+提交完成 /D/GitWorkSpace-Sync/MD-files/
-没有更改 /D/GitWorkSpace-Sync/MD-files/
+提交完成 /D/GitWorkSpace-Sync/MD-Homepage/
-没有更改 /D/GitWorkSpace-Sync/MD-Homepage/
+提交完成 /D/GitWorkSpace-Sync/MD-ZhygFiles/
-没有更改 /D/GitWorkSpace-Sync/MD-ZhygFiles/

===========23:03:28===========
+提交完成 /D/GitWorkSpace-Sync/MD-files/
-没有更改 /D/GitWorkSpace-Sync/MD-files/
+提交完成 /D/GitWorkSpace-Sync/MD-Homepage/
-没有更改 /D/GitWorkSpace-Sync/MD-Homepage/
+提交完成 /D/GitWorkSpace-Sync/MD-ZhygFiles/
-没有更改 /D/GitWorkSpace-Sync/MD-ZhygFiles/

