===========23:26:07===========
x没有仓库 D:/www/backup/
x没有仓库 D:/www/commassistant-web/
x没有仓库 D:/www/composer/
x没有仓库 D:/www/composer-install/
x没有仓库 D:/www/design-patterns-php/
x没有仓库 D:/www/docker/
x没有仓库 D:/www/EasyWeChat/
x没有仓库 D:/www/flash127/
x没有仓库 D:/www/git-blog/
x没有仓库 D:/www/gitTools/
x没有仓库 D:/www/go/
x没有仓库 D:/www/htmlToZh/
x没有仓库 D:/www/joy127/
x没有仓库 D:/www/joy127_server/
x没有仓库 D:/www/leetcode/
x没有仓库 D:/www/mp.php127.com/
x没有仓库 D:/www/mp3/
x没有仓库 D:/www/nginx-logs/
x没有仓库 D:/www/node8/
x没有仓库 D:/www/packagist/
x没有仓库 D:/www/php127.cn/
x没有仓库 D:/www/qadmin/
x没有仓库 D:/www/qadmin-demo/
x没有仓库 D:/www/scrm5/
x没有仓库 D:/www/scrm5-msgaudit/
x没有仓库 D:/www/scrm5-server/
x没有仓库 D:/www/scrm5-web/
x没有仓库 D:/www/test/
x没有仓库 D:/www/tools/
x没有仓库 D:/www/websocket-pressure-test/
x没有仓库 D:/www/wework-msgaudit/
x没有仓库 D:/www/www.94sc.net/
x没有仓库 D:/www/www.qadmin.net/
x没有仓库 D:/www/www.url2pic.com/
x没有仓库 D:/www/www.usbu.cn/
x没有仓库 D:/www/www.win2code.com/
x没有仓库 D:/www/www.zyan.me/
x没有仓库 D:/www/yuanmamei/
x没有仓库 D:/www/yuanmamei_demo/
x没有仓库 D:/www/zzmei/
x没有仓库 D:/www/手册jb51/

===========23:26:48===========
x没有仓库 /d/www/backup/
x没有仓库 /d/www/commassistant-web/
x没有仓库 /d/www/composer/
x没有仓库 /d/www/composer-install/
x没有仓库 /d/www/design-patterns-php/
x没有仓库 /d/www/docker/
x没有仓库 /d/www/EasyWeChat/
x没有仓库 /d/www/flash127/
x没有仓库 /d/www/git-blog/
x没有仓库 /d/www/gitTools/
x没有仓库 /d/www/go/
x没有仓库 /d/www/htmlToZh/
x没有仓库 /d/www/joy127/
x没有仓库 /d/www/joy127_server/
x没有仓库 /d/www/leetcode/
x没有仓库 /d/www/mp.php127.com/
x没有仓库 /d/www/mp3/
x没有仓库 /d/www/nginx-logs/
x没有仓库 /d/www/node8/
x没有仓库 /d/www/packagist/
x没有仓库 /d/www/php127.cn/
x没有仓库 /d/www/qadmin/
x没有仓库 /d/www/qadmin-demo/
x没有仓库 /d/www/scrm5/
x没有仓库 /d/www/scrm5-msgaudit/
x没有仓库 /d/www/scrm5-server/
x没有仓库 /d/www/scrm5-web/
x没有仓库 /d/www/test/
x没有仓库 /d/www/tools/
x没有仓库 /d/www/websocket-pressure-test/
x没有仓库 /d/www/wework-msgaudit/
x没有仓库 /d/www/www.94sc.net/
x没有仓库 /d/www/www.qadmin.net/
x没有仓库 /d/www/www.url2pic.com/
x没有仓库 /d/www/www.usbu.cn/
x没有仓库 /d/www/www.win2code.com/
x没有仓库 /d/www/www.zyan.me/
x没有仓库 /d/www/yuanmamei/
x没有仓库 /d/www/yuanmamei_demo/
x没有仓库 /d/www/zzmei/
x没有仓库 /d/www/手册jb51/

===========23:30:50===========
x没有仓库 D:/www/backup/
x没有仓库 D:/www/commassistant-web/
x没有仓库 D:/www/composer/
x没有仓库 D:/www/composer-install/
x没有仓库 D:/www/design-patterns-php/
x没有仓库 D:/www/docker/
x没有仓库 D:/www/EasyWeChat/
x没有仓库 D:/www/flash127/
x没有仓库 D:/www/git-blog/
x没有仓库 D:/www/gitTools/
x没有仓库 D:/www/go/
x没有仓库 D:/www/htmlToZh/
x没有仓库 D:/www/joy127/
x没有仓库 D:/www/joy127_server/
x没有仓库 D:/www/leetcode/
x没有仓库 D:/www/mp.php127.com/
x没有仓库 D:/www/mp3/
x没有仓库 D:/www/nginx-logs/
x没有仓库 D:/www/node8/
x没有仓库 D:/www/packagist/
x没有仓库 D:/www/php127.cn/
x没有仓库 D:/www/qadmin/
x没有仓库 D:/www/qadmin-demo/
x没有仓库 D:/www/scrm5/
x没有仓库 D:/www/scrm5-msgaudit/
x没有仓库 D:/www/scrm5-server/
x没有仓库 D:/www/scrm5-web/
x没有仓库 D:/www/test/
x没有仓库 D:/www/tools/
x没有仓库 D:/www/websocket-pressure-test/
x没有仓库 D:/www/wework-msgaudit/
x没有仓库 D:/www/www.94sc.net/
x没有仓库 D:/www/www.qadmin.net/
x没有仓库 D:/www/www.url2pic.com/
x没有仓库 D:/www/www.usbu.cn/
x没有仓库 D:/www/www.win2code.com/
x没有仓库 D:/www/www.zyan.me/
x没有仓库 D:/www/yuanmamei/
x没有仓库 D:/www/yuanmamei_demo/
x没有仓库 D:/www/zzmei/
x没有仓库 D:/www/手册jb51/

===========23:31:27===========
x没有仓库 D:/www/backup/
x没有仓库 D:/www/commassistant-web/
x没有仓库 D:/www/composer/
x没有仓库 D:/www/composer-install/
x没有仓库 D:/www/design-patterns-php/
x没有仓库 D:/www/docker/
x没有仓库 D:/www/EasyWeChat/
x没有仓库 D:/www/flash127/
x没有仓库 D:/www/git-blog/
x没有仓库 D:/www/gitTools/
x没有仓库 D:/www/go/
x没有仓库 D:/www/htmlToZh/
x没有仓库 D:/www/joy127/
x没有仓库 D:/www/joy127_server/
x没有仓库 D:/www/leetcode/
x没有仓库 D:/www/mp.php127.com/
x没有仓库 D:/www/mp3/
x没有仓库 D:/www/nginx-logs/
x没有仓库 D:/www/node8/
x没有仓库 D:/www/packagist/
x没有仓库 D:/www/php127.cn/
x没有仓库 D:/www/qadmin/
x没有仓库 D:/www/qadmin-demo/
x没有仓库 D:/www/scrm5/
x没有仓库 D:/www/scrm5-msgaudit/
x没有仓库 D:/www/scrm5-server/
x没有仓库 D:/www/scrm5-web/
x没有仓库 D:/www/test/
x没有仓库 D:/www/tools/
x没有仓库 D:/www/websocket-pressure-test/
x没有仓库 D:/www/wework-msgaudit/
x没有仓库 D:/www/www.94sc.net/
x没有仓库 D:/www/www.qadmin.net/
x没有仓库 D:/www/www.url2pic.com/
x没有仓库 D:/www/www.usbu.cn/
x没有仓库 D:/www/www.win2code.com/
x没有仓库 D:/www/www.zyan.me/
x没有仓库 D:/www/yuanmamei/
x没有仓库 D:/www/yuanmamei_demo/
x没有仓库 D:/www/zzmei/
x没有仓库 D:/www/手册jb51/

===========23:31:46===========
x没有仓库 D:/www/backup/
x没有仓库 D:/www/commassistant-web/
x没有仓库 D:/www/composer/
x没有仓库 D:/www/composer-install/
x没有仓库 D:/www/design-patterns-php/
x没有仓库 D:/www/docker/
x没有仓库 D:/www/EasyWeChat/
x没有仓库 D:/www/flash127/
x没有仓库 D:/www/git-blog/
x没有仓库 D:/www/gitTools/
x没有仓库 D:/www/go/
x没有仓库 D:/www/htmlToZh/
x没有仓库 D:/www/joy127/
x没有仓库 D:/www/joy127_server/
x没有仓库 D:/www/leetcode/
x没有仓库 D:/www/mp.php127.com/
x没有仓库 D:/www/mp3/
x没有仓库 D:/www/nginx-logs/
x没有仓库 D:/www/node8/
x没有仓库 D:/www/packagist/
x没有仓库 D:/www/php127.cn/
x没有仓库 D:/www/qadmin/
x没有仓库 D:/www/qadmin-demo/
x没有仓库 D:/www/scrm5/
x没有仓库 D:/www/scrm5-msgaudit/
x没有仓库 D:/www/scrm5-server/
x没有仓库 D:/www/scrm5-web/
x没有仓库 D:/www/test/
x没有仓库 D:/www/tools/
x没有仓库 D:/www/websocket-pressure-test/
x没有仓库 D:/www/wework-msgaudit/
x没有仓库 D:/www/www.94sc.net/
x没有仓库 D:/www/www.qadmin.net/
x没有仓库 D:/www/www.url2pic.com/
x没有仓库 D:/www/www.usbu.cn/
x没有仓库 D:/www/www.win2code.com/
x没有仓库 D:/www/www.zyan.me/
x没有仓库 D:/www/yuanmamei/
x没有仓库 D:/www/yuanmamei_demo/
x没有仓库 D:/www/zzmei/
x没有仓库 D:/www/手册jb51/

===========23:35:41===========
x没有仓库 D:/www/backup/
-没有更改 D:/www/commassistant-web/
x没有仓库 D:/www/composer/
-没有更改 D:/www/composer-install/
-没有更改 D:/www/design-patterns-php/
-没有更改 D:/www/docker/
x没有仓库 D:/www/EasyWeChat/
+提交完成 D:/www/flash127/
-没有更改 D:/www/git-blog/
+提交完成 D:/www/gitTools/
x没有仓库 D:/www/go/
-没有更改 D:/www/htmlToZh/
+提交完成 D:/www/joy127/
+提交完成 D:/www/joy127_server/
x没有仓库 D:/www/leetcode/
+提交完成 D:/www/mp.php127.com/
+提交完成 D:/www/mp3/
+提交完成 D:/www/nginx-logs/
+提交完成 D:/www/node8/
x没有仓库 D:/www/packagist/
+提交完成 D:/www/php127.cn/
x没有仓库 D:/www/qadmin/
x没有仓库 D:/www/qadmin-demo/
-没有更改 D:/www/scrm5/
-没有更改 D:/www/scrm5-msgaudit/
-没有更改 D:/www/scrm5-server/
-没有更改 D:/www/scrm5-web/
x没有仓库 D:/www/test/
+提交完成 D:/www/tools/
-没有更改 D:/www/websocket-pressure-test/
+提交完成 D:/www/wework-msgaudit/
+提交完成 D:/www/www.94sc.net/
+提交完成 D:/www/www.qadmin.net/
+提交完成 D:/www/www.url2pic.com/
+提交完成 D:/www/www.usbu.cn/
+提交完成 D:/www/www.win2code.com/
+提交完成 D:/www/www.zyan.me/
+提交完成 D:/www/yuanmamei/
+提交完成 D:/www/yuanmamei_demo/
+提交完成 D:/www/zzmei/
x没有仓库 D:/www/手册jb51/

